<test-run id="2" testcasecount="0" result="Passed" start-time="2023-10-29 09:20:03.063773" end-time="2023-10-29 09:20:03.176827" duration="0" total="0" passed="0" failed="0" inconclusive="0" skipped="0" asserts="0" clr-version="3.11.0 (main, Oct 24 2022, 18:26:48) [MSC v.1933 64 bit (AMD64)]" engine-version="3.6.2"><command-line>E:\APPDATA\Python3\11\Lib\site-packages\pytest\__main__.py --collect-only</command-line><filter /></test-run>